# JRE version: Java(TM) SE Runtime Environment (18.0.1.1+2) (build 18.0.1.1+2-6)
# Java VM: Java HotSpot(TM) 64-Bit Server VM (18.0.1.1+2-6, mixed mode, sharing, tiered, compressed oops, compressed class ptrs, g1 gc, windows-amd64)
GC Precious Log:
 CardTable entry size: 512
 Card Set container configuration: InlinePtr #cards 5 size 8 Array Of Cards #cards 12 size 40 Howl #buckets 4 coarsen threshold 1843 Howl Bitmap #cards 512 size 80 coarsen threshold 460 Card regions per heap region 1 cards per card region 2048
 CPUs: 8 total, 8 available
 Memory: 8143M
 Large Page Support: Disabled
 NUMA Support: Disabled
 Compressed Oops: Enabled (32-bit)
 Heap Region Size: 1M
 Heap Min Capacity: 8M
 Heap Initial Capacity: 128M
 Heap Max Capacity: 2036M
 Pre-touch: Disabled
 Parallel Workers: 8
 Concurrent Workers: 2
 Concurrent Refinement Workers: 8
 Periodic GC: Disabled
Heap:
 garbage-first heap   total 112640K, used 88184K [0x0000000080c00000, 0x0000000100000000)
  region size 1024K, 47 young (48128K), 3 survivors (3072K)
 Metaspace       used 119995K, committed 121344K, reserved 1179648K
  class space    used 13437K, committed 14080K, reserved 1048576K
GC Heap History (20 events):
Event: 58972.249 GC heap after
{Heap after GC invocations=721 (full 85):
 garbage-first heap   total 112640K, used 41540K [0x0000000080c00000, 0x0000000100000000)
  region size 1024K, 5 young (5120K), 5 survivors (5120K)
 Metaspace       used 117555K, committed 118848K, reserved 1179648K
  class space    used 13237K, committed 13888K, reserved 1048576K
}
Event: 58976.466 GC heap before
{Heap before GC invocations=722 (full 85):
 garbage-first heap   total 112640K, used 87620K [0x0000000080c00000, 0x0000000100000000)
  region size 1024K, 50 young (51200K), 5 survivors (5120K)
 Metaspace       used 118142K, committed 119360K, reserved 1179648K
  class space    used 13273K, committed 13888K, reserved 1048576K
}
Event: 58976.471 GC heap after
{Heap after GC invocations=723 (full 85):
 garbage-first heap   total 112640K, used 43660K [0x0000000080c00000, 0x0000000100000000)
  region size 1024K, 4 young (4096K), 4 survivors (4096K)
 Metaspace       used 118142K, committed 119360K, reserved 1179648K
  class space    used 13273K, committed 13888K, reserved 1048576K
}
Event: 58979.663 GC heap before
{Heap before GC invocations=723 (full 85):
 garbage-first heap   total 112640K, used 47756K [0x0000000080c00000, 0x0000000100000000)
  region size 1024K, 9 young (9216K), 4 survivors (4096K)
 Metaspace       used 118147K, committed 119424K, reserved 1179648K
  class space    used 13274K, committed 13888K, reserved 1048576K
}
Event: 58979.745 GC heap after
{Heap after GC invocations=724 (full 86):
 garbage-first heap   total 112640K, used 37406K [0x0000000080c00000, 0x0000000100000000)
  region size 1024K, 0 young (0K), 0 survivors (0K)
 Metaspace       used 118084K, committed 119424K, reserved 1179648K
  class space    used 13267K, committed 13888K, reserved 1048576K
}
Event: 58984.209 GC heap before
{Heap before GC invocations=724 (full 86):
 garbage-first heap   total 112640K, used 86558K [0x0000000080c00000, 0x0000000100000000)
  region size 1024K, 50 young (51200K), 0 survivors (0K)
 Metaspace       used 118302K, committed 119552K, reserved 1179648K
  class space    used 13288K, committed 13888K, reserved 1048576K
}
Event: 58985.122 GC heap after
{Heap after GC invocations=725 (full 86):
 garbage-first heap   total 112640K, used 41738K [0x0000000080c00000, 0x0000000100000000)
  region size 1024K, 5 young (5120K), 5 survivors (5120K)
 Metaspace       used 118302K, committed 119552K, reserved 1179648K
  class space    used 13288K, committed 13888K, reserved 1048576K
}
Event: 58985.973 GC heap before
{Heap before GC invocations=726 (full 86):
 garbage-first heap   total 112640K, used 86794K [0x0000000080c00000, 0x0000000100000000)
  region size 1024K, 50 young (51200K), 5 survivors (5120K)
 Metaspace       used 118791K, committed 120128K, reserved 1179648K
  class space    used 13328K, committed 13952K, reserved 1048576K
}
Event: 58985.986 GC heap after
{Heap after GC invocations=727 (full 86):
 garbage-first heap   total 112640K, used 44790K [0x0000000080c00000, 0x0000000100000000)
  region size 1024K, 4 young (4096K), 4 survivors (4096K)
 Metaspace       used 118791K, committed 120128K, reserved 1179648K
  class space    used 13328K, committed 13952K, reserved 1048576K
}
Event: 59018.354 GC heap before
{Heap before GC invocations=727 (full 86):
 garbage-first heap   total 112640K, used 74486K [0x0000000080c00000, 0x0000000100000000)
  region size 1024K, 34 young (34816K), 4 survivors (4096K)
 Metaspace       used 118795K, committed 120128K, reserved 1179648K
  class space    used 13328K, committed 13952K, reserved 1048576K
}
Event: 59018.434 GC heap after
{Heap after GC invocations=728 (full 87):
 garbage-first heap   total 112640K, used 37816K [0x0000000080c00000, 0x0000000100000000)
  region size 1024K, 0 young (0K), 0 survivors (0K)
 Metaspace       used 118764K, committed 120128K, reserved 1179648K
  class space    used 13325K, committed 13952K, reserved 1048576K
}
Event: 59018.775 GC heap before
{Heap before GC invocations=728 (full 87):
 garbage-first heap   total 112640K, used 86968K [0x0000000080c00000, 0x0000000100000000)
  region size 1024K, 49 young (50176K), 0 survivors (0K)
 Metaspace       used 118950K, committed 120320K, reserved 1179648K
  class space    used 13349K, committed 14016K, reserved 1048576K
}
Event: 59018.779 GC heap after
{Heap after GC invocations=729 (full 87):
 garbage-first heap   total 112640K, used 42254K [0x0000000080c00000, 0x0000000100000000)
  region size 1024K, 5 young (5120K), 5 survivors (5120K)
 Metaspace       used 118950K, committed 120320K, reserved 1179648K
  class space    used 13349K, committed 14016K, reserved 1048576K
}
Event: 59021.958 GC heap before
{Heap before GC invocations=730 (full 87):
 garbage-first heap   total 112640K, used 88334K [0x0000000080c00000, 0x0000000100000000)
  region size 1024K, 50 young (51200K), 5 survivors (5120K)
 Metaspace       used 119419K, committed 120768K, reserved 1179648K
  class space    used 13384K, committed 14016K, reserved 1048576K
}
Event: 59021.962 GC heap after
{Heap after GC invocations=731 (full 87):
 garbage-first heap   total 112640K, used 44278K [0x0000000080c00000, 0x0000000100000000)
  region size 1024K, 4 young (4096K), 4 survivors (4096K)
 Metaspace       used 119419K, committed 120768K, reserved 1179648K
  class space    used 13384K, committed 14016K, reserved 1048576K
}
Event: 59033.997 GC heap before
{Heap before GC invocations=731 (full 87):
 garbage-first heap   total 112640K, used 55542K [0x0000000080c00000, 0x0000000100000000)
  region size 1024K, 16 young (16384K), 4 survivors (4096K)
 Metaspace       used 119422K, committed 120768K, reserved 1179648K
  class space    used 13385K, committed 14016K, reserved 1048576K
}
Event: 59034.082 GC heap after
{Heap after GC invocations=732 (full 88):
 garbage-first heap   total 112640K, used 38563K [0x0000000080c00000, 0x0000000100000000)
  region size 1024K, 0 young (0K), 0 survivors (0K)
 Metaspace       used 119391K, committed 120768K, reserved 1179648K
  class space    used 13382K, committed 14016K, reserved 1048576K
}
Event: 59034.499 GC heap before
{Heap before GC invocations=732 (full 88):
 garbage-first heap   total 112640K, used 86691K [0x0000000080c00000, 0x0000000100000000)
  region size 1024K, 48 young (49152K), 0 survivors (0K)
 Metaspace       used 119577K, committed 120960K, reserved 1179648K
  class space    used 13404K, committed 14080K, reserved 1048576K
}
Event: 59034.504 GC heap after
{Heap after GC invocations=733 (full 88):
 garbage-first heap   total 112640K, used 43128K [0x0000000080c00000, 0x0000000100000000)
  region size 1024K, 5 young (5120K), 5 survivors (5120K)
 Metaspace       used 119577K, committed 120960K, reserved 1179648K
  class space    used 13404K, committed 14080K, reserved 1048576K
}
Event: 59058.743 GC heap before
{Heap before GC invocations=734 (full 88):
 garbage-first heap   total 112640K, used 88184K [0x0000000080c00000, 0x0000000100000000)
  region size 1024K, 49 young (50176K), 5 survivors (5120K)
 Metaspace       used 119995K, committed 121344K, reserved 1179648K
  class space    used 13437K, committed 14080K, reserved 1048576K
}

