# JRE version: OpenJDK Runtime Environment Temurin-22.0.2+9 (22.0.2+9) (build 22.0.2+9)
# Java VM: OpenJDK 64-Bit Server VM Temurin-22.0.2+9 (22.0.2+9, mixed mode, tiered, compressed oops, compressed class ptrs, g1 gc, windows-amd64)
GC Precious Log:
 CardTable entry size: 512
 Card Set container configuration: InlinePtr #cards 4 size 8 Array Of Cards #cards 32 size 80 Howl #buckets 8 coarsen threshold 7372 Howl Bitmap #cards 1024 size 144 coarsen threshold 921 Card regions per heap region 1 cards per card region 8192
 CPUs: 12 total, 12 available
 Memory: 32581M
 Large Page Support: Disabled
 NUMA Support: Disabled
 Compressed Oops: Enabled (Zero based)
 Heap Region Size: 4M
 Heap Min Capacity: 8M
 Heap Initial Capacity: 512M
 Heap Max Capacity: 8148M
 Pre-touch: Disabled
 Parallel Workers: 10
 Concurrent Workers: 3
 Concurrent Refinement Workers: 10
 Periodic GC: Disabled
Heap:
 garbage-first heap   total reserved 8343552K, committed 192512K, used 135129K [0x0000000602c00000, 0x0000000800000000)
  region size 4096K, 10 young (40960K), 2 survivors (8192K)
 Metaspace       used 122076K, committed 123456K, reserved 1179648K
  class space    used 15431K, committed 16064K, reserved 1048576K
GC Heap History (20 events):
Event: 1805.191 GC heap before
{Heap before GC invocations=57 (full 6):
 garbage-first heap   total reserved 8343552K, committed 180224K, used 158233K [0x0000000602c00000, 0x0000000800000000)
  region size 4096K, 16 young (65536K), 1 survivors (4096K)
 Metaspace       used 119807K, committed 121152K, reserved 1179648K
  class space    used 15246K, committed 15872K, reserved 1048576K
}
Event: 1805.195 GC heap after
{Heap after GC invocations=58 (full 6):
 garbage-first heap   total reserved 8343552K, committed 180224K, used 96636K [0x0000000602c00000, 0x0000000800000000)
  region size 4096K, 1 young (4096K), 1 survivors (4096K)
 Metaspace       used 119807K, committed 121152K, reserved 1179648K
  class space    used 15246K, committed 15872K, reserved 1048576K
}
Event: 2211.881 GC heap before
{Heap before GC invocations=59 (full 6):
 garbage-first heap   total reserved 8343552K, committed 180224K, used 158076K [0x0000000602c00000, 0x0000000800000000)
  region size 4096K, 16 young (65536K), 1 survivors (4096K)
 Metaspace       used 119828K, committed 121152K, reserved 1179648K
  class space    used 15246K, committed 15872K, reserved 1048576K
}
Event: 2211.884 GC heap after
{Heap after GC invocations=60 (full 6):
 garbage-first heap   total reserved 8343552K, committed 180224K, used 96585K [0x0000000602c00000, 0x0000000800000000)
  region size 4096K, 1 young (4096K), 1 survivors (4096K)
 Metaspace       used 119828K, committed 121152K, reserved 1179648K
  class space    used 15246K, committed 15872K, reserved 1048576K
}
Event: 2413.012 GC heap before
{Heap before GC invocations=60 (full 6):
 garbage-first heap   total reserved 8343552K, committed 180224K, used 129353K [0x0000000602c00000, 0x0000000800000000)
  region size 4096K, 10 young (40960K), 1 survivors (4096K)
 Metaspace       used 119857K, committed 121216K, reserved 1179648K
  class space    used 15247K, committed 15872K, reserved 1048576K
}
Event: 2413.077 GC heap after
{Heap after GC invocations=61 (full 7):
 garbage-first heap   total reserved 8343552K, committed 180224K, used 89874K [0x0000000602c00000, 0x0000000800000000)
  region size 4096K, 0 young (0K), 0 survivors (0K)
 Metaspace       used 119857K, committed 121216K, reserved 1179648K
  class space    used 15247K, committed 15872K, reserved 1048576K
}
Event: 2413.482 GC heap before
{Heap before GC invocations=61 (full 7):
 garbage-first heap   total reserved 8343552K, committed 180224K, used 155410K [0x0000000602c00000, 0x0000000800000000)
  region size 4096K, 17 young (69632K), 0 survivors (0K)
 Metaspace       used 120153K, committed 121472K, reserved 1179648K
  class space    used 15275K, committed 15872K, reserved 1048576K
}
Event: 2413.485 GC heap after
{Heap after GC invocations=62 (full 7):
 garbage-first heap   total reserved 8343552K, committed 180224K, used 95356K [0x0000000602c00000, 0x0000000800000000)
  region size 4096K, 2 young (8192K), 2 survivors (8192K)
 Metaspace       used 120153K, committed 121472K, reserved 1179648K
  class space    used 15275K, committed 15872K, reserved 1048576K
}
Event: 2414.178 GC heap before
{Heap before GC invocations=63 (full 7):
 garbage-first heap   total reserved 8343552K, committed 180224K, used 148604K [0x0000000602c00000, 0x0000000800000000)
  region size 4096K, 15 young (61440K), 2 survivors (8192K)
 Metaspace       used 120421K, committed 121792K, reserved 1179648K
  class space    used 15301K, committed 15936K, reserved 1048576K
}
Event: 2414.181 GC heap after
{Heap after GC invocations=64 (full 7):
 garbage-first heap   total reserved 8343552K, committed 180224K, used 98359K [0x0000000602c00000, 0x0000000800000000)
  region size 4096K, 1 young (4096K), 1 survivors (4096K)
 Metaspace       used 120421K, committed 121792K, reserved 1179648K
  class space    used 15301K, committed 15936K, reserved 1048576K
}
Event: 2414.444 GC heap before
{Heap before GC invocations=64 (full 7):
 garbage-first heap   total reserved 8343552K, committed 180224K, used 151607K [0x0000000602c00000, 0x0000000800000000)
  region size 4096K, 14 young (57344K), 1 survivors (4096K)
 Metaspace       used 120939K, committed 122240K, reserved 1179648K
  class space    used 15340K, committed 15936K, reserved 1048576K
}
Event: 2414.447 GC heap after
{Heap after GC invocations=65 (full 7):
 garbage-first heap   total reserved 8343552K, committed 180224K, used 101905K [0x0000000602c00000, 0x0000000800000000)
  region size 4096K, 2 young (8192K), 2 survivors (8192K)
 Metaspace       used 120939K, committed 122240K, reserved 1179648K
  class space    used 15340K, committed 15936K, reserved 1048576K
}
Event: 2414.654 GC heap before
{Heap before GC invocations=65 (full 7):
 garbage-first heap   total reserved 8343552K, committed 180224K, used 151057K [0x0000000602c00000, 0x0000000800000000)
  region size 4096K, 14 young (57344K), 2 survivors (8192K)
 Metaspace       used 120959K, committed 122240K, reserved 1179648K
  class space    used 15342K, committed 15936K, reserved 1048576K
}
Event: 2414.657 GC heap after
{Heap after GC invocations=66 (full 7):
 garbage-first heap   total reserved 8343552K, committed 180224K, used 104434K [0x0000000602c00000, 0x0000000800000000)
  region size 4096K, 2 young (8192K), 2 survivors (8192K)
 Metaspace       used 120959K, committed 122240K, reserved 1179648K
  class space    used 15342K, committed 15936K, reserved 1048576K
}
Event: 2515.052 GC heap before
{Heap before GC invocations=67 (full 7):
 garbage-first heap   total reserved 8343552K, committed 192512K, used 133106K [0x0000000602c00000, 0x0000000800000000)
  region size 4096K, 10 young (40960K), 2 survivors (8192K)
 Metaspace       used 120982K, committed 122240K, reserved 1179648K
  class space    used 15343K, committed 15936K, reserved 1048576K
}
Event: 2515.112 GC heap after
{Heap after GC invocations=68 (full 8):
 garbage-first heap   total reserved 8343552K, committed 192512K, used 97226K [0x0000000602c00000, 0x0000000800000000)
  region size 4096K, 0 young (0K), 0 survivors (0K)
 Metaspace       used 120982K, committed 122240K, reserved 1179648K
  class space    used 15343K, committed 15936K, reserved 1048576K
}
Event: 2515.480 GC heap before
{Heap before GC invocations=68 (full 8):
 garbage-first heap   total reserved 8343552K, committed 192512K, used 170954K [0x0000000602c00000, 0x0000000800000000)
  region size 4096K, 18 young (73728K), 0 survivors (0K)
 Metaspace       used 121270K, committed 122560K, reserved 1179648K
  class space    used 15372K, committed 16000K, reserved 1048576K
}
Event: 2515.483 GC heap after
{Heap after GC invocations=69 (full 8):
 garbage-first heap   total reserved 8343552K, committed 192512K, used 102731K [0x0000000602c00000, 0x0000000800000000)
  region size 4096K, 2 young (8192K), 2 survivors (8192K)
 Metaspace       used 121270K, committed 122560K, reserved 1179648K
  class space    used 15372K, committed 16000K, reserved 1048576K
}
Event: 2515.975 GC heap before
{Heap before GC invocations=70 (full 8):
 garbage-first heap   total reserved 8343552K, committed 192512K, used 155979K [0x0000000602c00000, 0x0000000800000000)
  region size 4096K, 16 young (65536K), 2 survivors (8192K)
 Metaspace       used 121734K, committed 123136K, reserved 1179648K
  class space    used 15406K, committed 16064K, reserved 1048576K
}
Event: 2515.977 GC heap after
{Heap after GC invocations=71 (full 8):
 garbage-first heap   total reserved 8343552K, committed 192512K, used 106457K [0x0000000602c00000, 0x0000000800000000)
  region size 4096K, 2 young (8192K), 2 survivors (8192K)
 Metaspace       used 121734K, committed 123136K, reserved 1179648K
  class space    used 15406K, committed 16064K, reserved 1048576K
}

